<?xml version="1.0" encoding="UTF-8"?>
<!-- Generated by org.testng.reporters.JUnitReportReporter -->
<testsuite skipped="0" hostname="INF84" name="test.TesteGuloso" tests="5" failures="0" timestamp="18 set 2018 16:24:47 GMT" time="0.000" errors="0">
  <testcase name="pagamentoFracionadoMaior" time="0.000" classname="test.TesteGuloso"/>
  <testcase name="pagamentoMenor" time="0.000" classname="test.TesteGuloso"/>
  <testcase name="pagamentoInteiroMaior" time="0.000" classname="test.TesteGuloso"/>
  <testcase name="pagamentoFracionadoMaior1" time="0.000" classname="test.TesteGuloso"/>
  <testcase name="pagamentoIgual" time="0.000" classname="test.TesteGuloso"/>
</testsuite> <!-- test.TesteGuloso -->
