<?xml version="1.0" encoding="UTF-8"?>
<!-- Generated by org.testng.reporters.JUnitReportReporter -->
<testsuite skipped="0" hostname="INF84" name="test.TesteMaxMin" tests="27" failures="0" timestamp="09 nov 2018 15:03:11 GMT" time="4.096" errors="0">
  <testcase name="min3" time="0.062" classname="test.TesteMaxMin"/>
  <testcase name="min1" time="0.129" classname="test.TesteMaxMin"/>
  <testcase name="min1Pior" time="0.279" classname="test.TesteMaxMin"/>
  <testcase name="min2" time="0.031" classname="test.TesteMaxMin"/>
  <testcase name="min3Melhor" time="0.172" classname="test.TesteMaxMin"/>
  <testcase name="min1Melhor" time="0.199" classname="test.TesteMaxMin"/>
  <testcase name="min2Pior" time="0.277" classname="test.TesteMaxMin"/>
  <testcase name="min3Melhor" time="0.308" classname="test.TesteMaxMin"/>
  <testcase name="min1Pior" time="0.158" classname="test.TesteMaxMin"/>
  <testcase name="min3" time="0.047" classname="test.TesteMaxMin"/>
  <testcase name="min2Melhor" time="0.177" classname="test.TesteMaxMin"/>
  <testcase name="min3Melhor" time="0.173" classname="test.TesteMaxMin"/>
  <testcase name="min2" time="0.156" classname="test.TesteMaxMin"/>
  <testcase name="min1" time="0.031" classname="test.TesteMaxMin"/>
  <testcase name="min3Pior" time="0.163" classname="test.TesteMaxMin"/>
  <testcase name="min3" time="0.063" classname="test.TesteMaxMin"/>
  <testcase name="min1Pior" time="0.166" classname="test.TesteMaxMin"/>
  <testcase name="min2Pior" time="0.172" classname="test.TesteMaxMin"/>
  <testcase name="min1" time="0.046" classname="test.TesteMaxMin"/>
  <testcase name="min2" time="0.031" classname="test.TesteMaxMin"/>
  <testcase name="min2Pior" time="0.172" classname="test.TesteMaxMin"/>
  <testcase name="min3Pior" time="0.177" classname="test.TesteMaxMin"/>
  <testcase name="min3Pior" time="0.158" classname="test.TesteMaxMin"/>
  <testcase name="min1Melhor" time="0.156" classname="test.TesteMaxMin"/>
  <testcase name="min1Melhor" time="0.265" classname="test.TesteMaxMin"/>
  <testcase name="min2Melhor" time="0.172" classname="test.TesteMaxMin"/>
  <testcase name="min2Melhor" time="0.156" classname="test.TesteMaxMin"/>
</testsuite> <!-- test.TesteMaxMin -->
