<?xml version="1.0" encoding="UTF-8"?>
<!-- Generated by org.testng.reporters.JUnitReportReporter -->
<testsuite skipped="0" hostname="INF84" name="test.TesteMaxMin" tests="3" failures="0" timestamp="06 nov 2018 14:39:21 GMT" time="0.012" errors="0">
  <testcase name="min3" time="0.001" classname="test.TesteMaxMin"/>
  <testcase name="min1" time="0.009" classname="test.TesteMaxMin"/>
  <testcase name="min2" time="0.002" classname="test.TesteMaxMin"/>
</testsuite> <!-- test.TesteMaxMin -->
