<?xml version="1.0" encoding="UTF-8"?>
<!-- Generated by org.testng.reporters.JUnitReportReporter -->
<testsuite skipped="0" hostname="INF84" name="test.TesteMaxMin" tests="27" failures="0" timestamp="13 nov 2018 14:51:10 GMT" time="4.064" errors="0">
  <testcase name="min3" time="0.058" classname="test.TesteMaxMin"/>
  <testcase name="min1" time="0.131" classname="test.TesteMaxMin"/>
  <testcase name="min1Pior" time="0.280" classname="test.TesteMaxMin"/>
  <testcase name="min2" time="0.038" classname="test.TesteMaxMin"/>
  <testcase name="min3Melhor" time="0.170" classname="test.TesteMaxMin"/>
  <testcase name="min1Melhor" time="0.188" classname="test.TesteMaxMin"/>
  <testcase name="min2Pior" time="0.253" classname="test.TesteMaxMin"/>
  <testcase name="min3Melhor" time="0.295" classname="test.TesteMaxMin"/>
  <testcase name="min1Pior" time="0.163" classname="test.TesteMaxMin"/>
  <testcase name="min3" time="0.057" classname="test.TesteMaxMin"/>
  <testcase name="min2Melhor" time="0.186" classname="test.TesteMaxMin"/>
  <testcase name="min3Melhor" time="0.182" classname="test.TesteMaxMin"/>
  <testcase name="min2" time="0.133" classname="test.TesteMaxMin"/>
  <testcase name="min1" time="0.037" classname="test.TesteMaxMin"/>
  <testcase name="min3Pior" time="0.164" classname="test.TesteMaxMin"/>
  <testcase name="min3" time="0.065" classname="test.TesteMaxMin"/>
  <testcase name="min1Pior" time="0.161" classname="test.TesteMaxMin"/>
  <testcase name="min2Pior" time="0.162" classname="test.TesteMaxMin"/>
  <testcase name="min1" time="0.043" classname="test.TesteMaxMin"/>
  <testcase name="min2" time="0.043" classname="test.TesteMaxMin"/>
  <testcase name="min2Pior" time="0.164" classname="test.TesteMaxMin"/>
  <testcase name="min3Pior" time="0.164" classname="test.TesteMaxMin"/>
  <testcase name="min3Pior" time="0.164" classname="test.TesteMaxMin"/>
  <testcase name="min1Melhor" time="0.170" classname="test.TesteMaxMin"/>
  <testcase name="min1Melhor" time="0.256" classname="test.TesteMaxMin"/>
  <testcase name="min2Melhor" time="0.173" classname="test.TesteMaxMin"/>
  <testcase name="min2Melhor" time="0.164" classname="test.TesteMaxMin"/>
</testsuite> <!-- test.TesteMaxMin -->
