<?xml version="1.0" encoding="UTF-8"?>
<!-- Generated by org.testng.reporters.JUnitReportReporter -->
<testsuite skipped="0" hostname="INF84" name="test.TesteGulosoTroco" tests="5" failures="0" timestamp="19 set 2018 13:21:22 GMT" time="0.021" errors="0">
  <testcase name="pagamentoFracionadoMaior" time="0.002" classname="test.TesteGulosoTroco"/>
  <testcase name="pagamentoMenor" time="0.001" classname="test.TesteGulosoTroco"/>
  <testcase name="pagamentoInteiroMaior" time="0.013" classname="test.TesteGulosoTroco"/>
  <testcase name="pagamentoFracionadoMaior1" time="0.001" classname="test.TesteGulosoTroco"/>
  <testcase name="pagamentoIgual" time="0.004" classname="test.TesteGulosoTroco"/>
</testsuite> <!-- test.TesteGulosoTroco -->
