<?xml version="1.0" encoding="UTF-8"?>
<!-- Generated by org.testng.reporters.JUnitReportReporter -->
<testsuite skipped="0" hostname="INF84" name="test.TesteMaxMin" tests="27" failures="0" timestamp="06 nov 2018 16:07:58 GMT" time="3.114" errors="0">
  <testcase name="min2Pior" time="0.164" classname="test.TesteMaxMin"/>
  <testcase name="min3" time="0.047" classname="test.TesteMaxMin"/>
  <testcase name="min2Melhor" time="0.153" classname="test.TesteMaxMin"/>
  <testcase name="min1Pior" time="0.174" classname="test.TesteMaxMin"/>
  <testcase name="min2" time="0.015" classname="test.TesteMaxMin"/>
  <testcase name="min3" time="0.031" classname="test.TesteMaxMin"/>
  <testcase name="min1Melhor" time="0.180" classname="test.TesteMaxMin"/>
  <testcase name="min2" time="0.016" classname="test.TesteMaxMin"/>
  <testcase name="min2Melhor" time="0.157" classname="test.TesteMaxMin"/>
  <testcase name="min1Melhor" time="0.157" classname="test.TesteMaxMin"/>
  <testcase name="min1Pior" time="0.156" classname="test.TesteMaxMin"/>
  <testcase name="min3Pior" time="0.150" classname="test.TesteMaxMin"/>
  <testcase name="min2Pior" time="0.158" classname="test.TesteMaxMin"/>
  <testcase name="min3Pior" time="0.174" classname="test.TesteMaxMin"/>
  <testcase name="min2Pior" time="0.156" classname="test.TesteMaxMin"/>
  <testcase name="min2" time="0.032" classname="test.TesteMaxMin"/>
  <testcase name="min2Melhor" time="0.156" classname="test.TesteMaxMin"/>
  <testcase name="min1Pior" time="0.172" classname="test.TesteMaxMin"/>
  <testcase name="min3" time="0.031" classname="test.TesteMaxMin"/>
  <testcase name="min3Pior" time="0.156" classname="test.TesteMaxMin"/>
  <testcase name="min3Melhor" time="0.162" classname="test.TesteMaxMin"/>
  <testcase name="min3Melhor" time="0.156" classname="test.TesteMaxMin"/>
  <testcase name="min3Melhor" time="0.143" classname="test.TesteMaxMin"/>
  <testcase name="min1Melhor" time="0.156" classname="test.TesteMaxMin"/>
  <testcase name="min1" time="0.016" classname="test.TesteMaxMin"/>
  <testcase name="min1" time="0.015" classname="test.TesteMaxMin"/>
  <testcase name="min1" time="0.031" classname="test.TesteMaxMin"/>
</testsuite> <!-- test.TesteMaxMin -->
