<?xml version="1.0" encoding="UTF-8"?>
<!-- Generated by org.testng.reporters.JUnitReportReporter -->
<testsuite skipped="0" hostname="INF84" name="test.TesteMaxMin" tests="27" failures="0" timestamp="13 nov 2018 14:49:57 GMT" time="4.112" errors="0">
  <testcase name="min3" time="0.056" classname="test.TesteMaxMin"/>
  <testcase name="min1" time="0.120" classname="test.TesteMaxMin"/>
  <testcase name="min1Pior" time="0.300" classname="test.TesteMaxMin"/>
  <testcase name="min2" time="0.037" classname="test.TesteMaxMin"/>
  <testcase name="min3Melhor" time="0.170" classname="test.TesteMaxMin"/>
  <testcase name="min1Melhor" time="0.200" classname="test.TesteMaxMin"/>
  <testcase name="min2Pior" time="0.167" classname="test.TesteMaxMin"/>
  <testcase name="min3Melhor" time="0.281" classname="test.TesteMaxMin"/>
  <testcase name="min1Pior" time="0.164" classname="test.TesteMaxMin"/>
  <testcase name="min3" time="0.057" classname="test.TesteMaxMin"/>
  <testcase name="min2Melhor" time="0.184" classname="test.TesteMaxMin"/>
  <testcase name="min3Melhor" time="0.181" classname="test.TesteMaxMin"/>
  <testcase name="min2" time="0.129" classname="test.TesteMaxMin"/>
  <testcase name="min1" time="0.034" classname="test.TesteMaxMin"/>
  <testcase name="min3Pior" time="0.164" classname="test.TesteMaxMin"/>
  <testcase name="min3" time="0.064" classname="test.TesteMaxMin"/>
  <testcase name="min1Pior" time="0.163" classname="test.TesteMaxMin"/>
  <testcase name="min2Pior" time="0.165" classname="test.TesteMaxMin"/>
  <testcase name="min1" time="0.041" classname="test.TesteMaxMin"/>
  <testcase name="min2" time="0.042" classname="test.TesteMaxMin"/>
  <testcase name="min2Pior" time="0.235" classname="test.TesteMaxMin"/>
  <testcase name="min3Pior" time="0.242" classname="test.TesteMaxMin"/>
  <testcase name="min3Pior" time="0.165" classname="test.TesteMaxMin"/>
  <testcase name="min1Melhor" time="0.169" classname="test.TesteMaxMin"/>
  <testcase name="min1Melhor" time="0.248" classname="test.TesteMaxMin"/>
  <testcase name="min2Melhor" time="0.172" classname="test.TesteMaxMin"/>
  <testcase name="min2Melhor" time="0.162" classname="test.TesteMaxMin"/>
</testsuite> <!-- test.TesteMaxMin -->
