<?xml version="1.0" encoding="UTF-8"?>
<!-- Generated by org.testng.reporters.JUnitReportReporter -->
<testsuite skipped="0" hostname="INF84" name="test.TesteMaxMin" tests="27" failures="0" timestamp="13 nov 2018 14:52:49 GMT" time="4.052" errors="0">
  <testcase name="min3" time="0.056" classname="test.TesteMaxMin"/>
  <testcase name="min1" time="0.133" classname="test.TesteMaxMin"/>
  <testcase name="min1Pior" time="0.268" classname="test.TesteMaxMin"/>
  <testcase name="min2" time="0.037" classname="test.TesteMaxMin"/>
  <testcase name="min3Melhor" time="0.169" classname="test.TesteMaxMin"/>
  <testcase name="min1Melhor" time="0.184" classname="test.TesteMaxMin"/>
  <testcase name="min2Pior" time="0.259" classname="test.TesteMaxMin"/>
  <testcase name="min3Melhor" time="0.290" classname="test.TesteMaxMin"/>
  <testcase name="min1Pior" time="0.164" classname="test.TesteMaxMin"/>
  <testcase name="min3" time="0.057" classname="test.TesteMaxMin"/>
  <testcase name="min2Melhor" time="0.182" classname="test.TesteMaxMin"/>
  <testcase name="min3Melhor" time="0.180" classname="test.TesteMaxMin"/>
  <testcase name="min2" time="0.135" classname="test.TesteMaxMin"/>
  <testcase name="min1" time="0.037" classname="test.TesteMaxMin"/>
  <testcase name="min3Pior" time="0.165" classname="test.TesteMaxMin"/>
  <testcase name="min3" time="0.063" classname="test.TesteMaxMin"/>
  <testcase name="min1Pior" time="0.165" classname="test.TesteMaxMin"/>
  <testcase name="min2Pior" time="0.163" classname="test.TesteMaxMin"/>
  <testcase name="min1" time="0.045" classname="test.TesteMaxMin"/>
  <testcase name="min2" time="0.044" classname="test.TesteMaxMin"/>
  <testcase name="min2Pior" time="0.166" classname="test.TesteMaxMin"/>
  <testcase name="min3Pior" time="0.164" classname="test.TesteMaxMin"/>
  <testcase name="min3Pior" time="0.164" classname="test.TesteMaxMin"/>
  <testcase name="min1Melhor" time="0.173" classname="test.TesteMaxMin"/>
  <testcase name="min1Melhor" time="0.257" classname="test.TesteMaxMin"/>
  <testcase name="min2Melhor" time="0.172" classname="test.TesteMaxMin"/>
  <testcase name="min2Melhor" time="0.160" classname="test.TesteMaxMin"/>
</testsuite> <!-- test.TesteMaxMin -->
