<?xml version="1.0" encoding="UTF-8"?>
<!-- Generated by org.testng.reporters.JUnitReportReporter -->
<testsuite skipped="0" hostname="INF84" name="test.TesteMaxMin" tests="27" failures="0" timestamp="13 nov 2018 14:54:19 GMT" time="4.046" errors="0">
  <testcase name="min3" time="0.057" classname="test.TesteMaxMin"/>
  <testcase name="min1" time="0.035" classname="test.TesteMaxMin"/>
  <testcase name="min1Pior" time="0.174" classname="test.TesteMaxMin"/>
  <testcase name="min2" time="0.136" classname="test.TesteMaxMin"/>
  <testcase name="min3Melhor" time="0.170" classname="test.TesteMaxMin"/>
  <testcase name="min1Melhor" time="0.189" classname="test.TesteMaxMin"/>
  <testcase name="min2Pior" time="0.163" classname="test.TesteMaxMin"/>
  <testcase name="min3Melhor" time="0.197" classname="test.TesteMaxMin"/>
  <testcase name="min1Pior" time="0.163" classname="test.TesteMaxMin"/>
  <testcase name="min3" time="0.150" classname="test.TesteMaxMin"/>
  <testcase name="min2Melhor" time="0.184" classname="test.TesteMaxMin"/>
  <testcase name="min3Melhor" time="0.177" classname="test.TesteMaxMin"/>
  <testcase name="min2" time="0.036" classname="test.TesteMaxMin"/>
  <testcase name="min1" time="0.036" classname="test.TesteMaxMin"/>
  <testcase name="min3Pior" time="0.168" classname="test.TesteMaxMin"/>
  <testcase name="min3" time="0.066" classname="test.TesteMaxMin"/>
  <testcase name="min1Pior" time="0.166" classname="test.TesteMaxMin"/>
  <testcase name="min2Pior" time="0.165" classname="test.TesteMaxMin"/>
  <testcase name="min1" time="0.135" classname="test.TesteMaxMin"/>
  <testcase name="min2" time="0.043" classname="test.TesteMaxMin"/>
  <testcase name="min2Pior" time="0.260" classname="test.TesteMaxMin"/>
  <testcase name="min3Pior" time="0.165" classname="test.TesteMaxMin"/>
  <testcase name="min3Pior" time="0.164" classname="test.TesteMaxMin"/>
  <testcase name="min1Melhor" time="0.168" classname="test.TesteMaxMin"/>
  <testcase name="min1Melhor" time="0.253" classname="test.TesteMaxMin"/>
  <testcase name="min2Melhor" time="0.170" classname="test.TesteMaxMin"/>
  <testcase name="min2Melhor" time="0.256" classname="test.TesteMaxMin"/>
</testsuite> <!-- test.TesteMaxMin -->
