<?xml version="1.0" encoding="UTF-8"?>
<!-- Generated by org.testng.reporters.JUnitReportReporter -->
<testsuite skipped="0" hostname="INF84" name="test.TesteMaxMin" tests="15" failures="0" timestamp="18 set 2018 15:09:50 GMT" time="2.007" errors="0">
  <testcase name="min2" time="0.078" classname="test.TesteMaxMin"/>
  <testcase name="min2" time="0.094" classname="test.TesteMaxMin"/>
  <testcase name="min1" time="0.098" classname="test.TesteMaxMin"/>
  <testcase name="min3" time="0.221" classname="test.TesteMaxMin"/>
  <testcase name="min1" time="0.079" classname="test.TesteMaxMin"/>
  <testcase name="min2" time="0.094" classname="test.TesteMaxMin"/>
  <testcase name="min1" time="0.093" classname="test.TesteMaxMin"/>
  <testcase name="min3" time="0.219" classname="test.TesteMaxMin"/>
  <testcase name="min1" time="0.078" classname="test.TesteMaxMin"/>
  <testcase name="min2" time="0.078" classname="test.TesteMaxMin"/>
  <testcase name="min2" time="0.094" classname="test.TesteMaxMin"/>
  <testcase name="min1" time="0.094" classname="test.TesteMaxMin"/>
  <testcase name="min3" time="0.250" classname="test.TesteMaxMin"/>
  <testcase name="min3" time="0.219" classname="test.TesteMaxMin"/>
  <testcase name="min3" time="0.218" classname="test.TesteMaxMin"/>
</testsuite> <!-- test.TesteMaxMin -->
