<?xml version="1.0" encoding="UTF-8"?>
<!-- Generated by org.testng.reporters.JUnitReportReporter -->
<testsuite skipped="0" hostname="INF84" name="maxmin_ed2.TesteGuloso" tests="4" failures="0" timestamp="18 set 2018 14:40:18 GMT" time="0.000" errors="0">
  <testcase name="pagamentoFracionadoMaior" time="0.000" classname="maxmin_ed2.TesteGuloso"/>
  <testcase name="pagamentoInteiroMaior" time="0.000" classname="maxmin_ed2.TesteGuloso"/>
  <testcase name="pagamentoIgual" time="0.000" classname="maxmin_ed2.TesteGuloso"/>
  <testcase name="pagamentoMenor" time="0.000" classname="maxmin_ed2.TesteGuloso"/>
</testsuite> <!-- maxmin_ed2.TesteGuloso -->
