<?xml version="1.0" encoding="UTF-8"?>
<!-- Generated by org.testng.reporters.JUnitReportReporter -->
<testsuite skipped="0" hostname="INF84" name="test.TesteMaxMin" tests="27" failures="0" timestamp="09 nov 2018 17:06:32 GMT" time="4.096" errors="0">
  <testcase name="min3" time="0.056" classname="test.TesteMaxMin"/>
  <testcase name="min1" time="0.127" classname="test.TesteMaxMin"/>
  <testcase name="min1Pior" time="0.266" classname="test.TesteMaxMin"/>
  <testcase name="min2" time="0.036" classname="test.TesteMaxMin"/>
  <testcase name="min3Melhor" time="0.174" classname="test.TesteMaxMin"/>
  <testcase name="min1Melhor" time="0.185" classname="test.TesteMaxMin"/>
  <testcase name="min2Pior" time="0.267" classname="test.TesteMaxMin"/>
  <testcase name="min3Melhor" time="0.292" classname="test.TesteMaxMin"/>
  <testcase name="min1Pior" time="0.167" classname="test.TesteMaxMin"/>
  <testcase name="min3" time="0.057" classname="test.TesteMaxMin"/>
  <testcase name="min2Melhor" time="0.185" classname="test.TesteMaxMin"/>
  <testcase name="min3Melhor" time="0.185" classname="test.TesteMaxMin"/>
  <testcase name="min2" time="0.139" classname="test.TesteMaxMin"/>
  <testcase name="min1" time="0.036" classname="test.TesteMaxMin"/>
  <testcase name="min3Pior" time="0.167" classname="test.TesteMaxMin"/>
  <testcase name="min3" time="0.064" classname="test.TesteMaxMin"/>
  <testcase name="min1Pior" time="0.165" classname="test.TesteMaxMin"/>
  <testcase name="min2Pior" time="0.172" classname="test.TesteMaxMin"/>
  <testcase name="min1" time="0.041" classname="test.TesteMaxMin"/>
  <testcase name="min2" time="0.043" classname="test.TesteMaxMin"/>
  <testcase name="min2Pior" time="0.171" classname="test.TesteMaxMin"/>
  <testcase name="min3Pior" time="0.168" classname="test.TesteMaxMin"/>
  <testcase name="min3Pior" time="0.167" classname="test.TesteMaxMin"/>
  <testcase name="min1Melhor" time="0.169" classname="test.TesteMaxMin"/>
  <testcase name="min1Melhor" time="0.262" classname="test.TesteMaxMin"/>
  <testcase name="min2Melhor" time="0.173" classname="test.TesteMaxMin"/>
  <testcase name="min2Melhor" time="0.162" classname="test.TesteMaxMin"/>
</testsuite> <!-- test.TesteMaxMin -->
