<?xml version="1.0" encoding="UTF-8"?>
<!-- Generated by org.testng.reporters.JUnitReportReporter -->
<testsuite skipped="0" hostname="INF84" name="test.TesteMaxMin" tests="9" failures="0" timestamp="09 nov 2018 14:07:31 GMT" time="0.020" errors="0">
  <testcase name="min2Pior" time="0.001" classname="test.TesteMaxMin"/>
  <testcase name="min1Melhor" time="0.002" classname="test.TesteMaxMin"/>
  <testcase name="min1" time="0.009" classname="test.TesteMaxMin"/>
  <testcase name="min1Pior" time="0.001" classname="test.TesteMaxMin"/>
  <testcase name="min2Melhor" time="0.002" classname="test.TesteMaxMin"/>
  <testcase name="min3" time="0.001" classname="test.TesteMaxMin"/>
  <testcase name="min3Melhor" time="0.002" classname="test.TesteMaxMin"/>
  <testcase name="min2" time="0.001" classname="test.TesteMaxMin"/>
  <testcase name="min3Pior" time="0.001" classname="test.TesteMaxMin"/>
</testsuite> <!-- test.TesteMaxMin -->
