<?xml version="1.0" encoding="UTF-8"?>
<!-- Generated by org.testng.reporters.JUnitReportReporter -->
<testsuite skipped="0" hostname="INF84" name="test.TesteMaxMin" tests="15" failures="0" timestamp="23 out 2018 16:02:52 GMT" time="0.395" errors="0">
  <testcase name="min1" time="0.034" classname="test.TesteMaxMin"/>
  <testcase name="min1" time="0.021" classname="test.TesteMaxMin"/>
  <testcase name="min3" time="0.031" classname="test.TesteMaxMin"/>
  <testcase name="min2" time="0.027" classname="test.TesteMaxMin"/>
  <testcase name="min3" time="0.031" classname="test.TesteMaxMin"/>
  <testcase name="min3" time="0.048" classname="test.TesteMaxMin"/>
  <testcase name="min3" time="0.036" classname="test.TesteMaxMin"/>
  <testcase name="min3" time="0.031" classname="test.TesteMaxMin"/>
  <testcase name="min1" time="0.018" classname="test.TesteMaxMin"/>
  <testcase name="min2" time="0.021" classname="test.TesteMaxMin"/>
  <testcase name="min2" time="0.020" classname="test.TesteMaxMin"/>
  <testcase name="min1" time="0.017" classname="test.TesteMaxMin"/>
  <testcase name="min2" time="0.022" classname="test.TesteMaxMin"/>
  <testcase name="min1" time="0.017" classname="test.TesteMaxMin"/>
  <testcase name="min2" time="0.021" classname="test.TesteMaxMin"/>
</testsuite> <!-- test.TesteMaxMin -->
