<?xml version="1.0" encoding="UTF-8"?>
<!-- Generated by org.testng.reporters.JUnitReportReporter -->
<testsuite skipped="0" hostname="INF84" name="test.TesteMM" tests="3" failures="0" timestamp="06 nov 2018 14:39:34 GMT" time="0.047" errors="0">
  <testcase name="maxMin2" time="0.002" classname="test.TesteMM"/>
  <testcase name="maxMin3" time="0.001" classname="test.TesteMM"/>
  <testcase name="maxMin1" time="0.044" classname="test.TesteMM"/>
</testsuite> <!-- test.TesteMM -->
