<?xml version="1.0" encoding="UTF-8"?>
<!-- Generated by org.testng.reporters.JUnitReportReporter -->
<testsuite skipped="0" hostname="INF84" name="test.TesteVizinhoProximo" tests="6" failures="0" timestamp="13 nov 2018 14:50:09 GMT" time="0.105" errors="0">
  <testcase name="rotaMarituba" time="0.003" classname="test.TesteVizinhoProximo"/>
  <testcase name="rotaGaranhuns" time="0.006" classname="test.TesteVizinhoProximo"/>
  <testcase name="rotaSalvador" time="0.002" classname="test.TesteVizinhoProximo"/>
  <testcase name="rotaBelÃ©m" time="0.004" classname="test.TesteVizinhoProximo"/>
  <testcase name="rotaAcara" time="0.003" classname="test.TesteVizinhoProximo"/>
  <testcase name="TSPMenorRota" time="0.087" classname="test.TesteVizinhoProximo"/>
</testsuite> <!-- test.TesteVizinhoProximo -->
