<?xml version="1.0" encoding="UTF-8"?>
<!-- Generated by org.testng.reporters.JUnitReportReporter -->
<testsuite skipped="0" hostname="INF84" name="maxmin_ed2.Main" tests="15" failures="0" timestamp="14 set 2018 17:50:42 GMT" time="1.859" errors="0">
  <testcase name="min2" time="0.047" classname="maxmin_ed2.Main"/>
  <testcase name="min1" time="0.047" classname="maxmin_ed2.Main"/>
  <testcase name="min1" time="0.047" classname="maxmin_ed2.Main"/>
  <testcase name="min1" time="0.031" classname="maxmin_ed2.Main"/>
  <testcase name="min1" time="0.031" classname="maxmin_ed2.Main"/>
  <testcase name="min3" time="0.268" classname="maxmin_ed2.Main"/>
  <testcase name="min1" time="0.047" classname="maxmin_ed2.Main"/>
  <testcase name="min2" time="0.047" classname="maxmin_ed2.Main"/>
  <testcase name="min3" time="0.300" classname="maxmin_ed2.Main"/>
  <testcase name="min2" time="0.031" classname="maxmin_ed2.Main"/>
  <testcase name="min3" time="0.297" classname="maxmin_ed2.Main"/>
  <testcase name="min3" time="0.291" classname="maxmin_ed2.Main"/>
  <testcase name="min3" time="0.281" classname="maxmin_ed2.Main"/>
  <testcase name="min2" time="0.047" classname="maxmin_ed2.Main"/>
  <testcase name="min2" time="0.047" classname="maxmin_ed2.Main"/>
</testsuite> <!-- maxmin_ed2.Main -->
