<?xml version="1.0" encoding="UTF-8"?>
<!-- Generated by org.testng.reporters.JUnitReportReporter -->
<testsuite skipped="0" hostname="LAB4-PC23" name="test.TesteMaxMin" tests="15" failures="0" timestamp="27 set 2018 22:40:03 GMT" time="0.264" errors="0">
  <testcase name="min2" time="0.015" classname="test.TesteMaxMin"/>
  <testcase name="min2" time="0.000" classname="test.TesteMaxMin"/>
  <testcase name="min1" time="0.015" classname="test.TesteMaxMin"/>
  <testcase name="min1" time="0.000" classname="test.TesteMaxMin"/>
  <testcase name="min3" time="0.015" classname="test.TesteMaxMin"/>
  <testcase name="min1" time="0.016" classname="test.TesteMaxMin"/>
  <testcase name="min3" time="0.031" classname="test.TesteMaxMin"/>
  <testcase name="min1" time="0.031" classname="test.TesteMaxMin"/>
  <testcase name="min2" time="0.000" classname="test.TesteMaxMin"/>
  <testcase name="min2" time="0.016" classname="test.TesteMaxMin"/>
  <testcase name="min1" time="0.016" classname="test.TesteMaxMin"/>
  <testcase name="min2" time="0.015" classname="test.TesteMaxMin"/>
  <testcase name="min3" time="0.032" classname="test.TesteMaxMin"/>
  <testcase name="min3" time="0.031" classname="test.TesteMaxMin"/>
  <testcase name="min3" time="0.031" classname="test.TesteMaxMin"/>
</testsuite> <!-- test.TesteMaxMin -->
