<?xml version="1.0" encoding="UTF-8"?>
<!-- Generated by org.testng.reporters.JUnitReportReporter -->
<testsuite hostname="archlinux" failures="0" tests="15" name="maxmin_ed2.Main" time="2.786" errors="0" timestamp="15 set 2018 06:16:41 GMT" skipped="0">
  <testcase classname="maxmin_ed2.Main" name="min1" time="0.130"/>
  <testcase classname="maxmin_ed2.Main" name="min3" time="0.339"/>
  <testcase classname="maxmin_ed2.Main" name="min3" time="0.350"/>
  <testcase classname="maxmin_ed2.Main" name="min2" time="0.116"/>
  <testcase classname="maxmin_ed2.Main" name="min2" time="0.088"/>
  <testcase classname="maxmin_ed2.Main" name="min1" time="0.076"/>
  <testcase classname="maxmin_ed2.Main" name="min1" time="0.086"/>
  <testcase classname="maxmin_ed2.Main" name="min3" time="0.328"/>
  <testcase classname="maxmin_ed2.Main" name="min1" time="0.127"/>
  <testcase classname="maxmin_ed2.Main" name="min2" time="0.086"/>
  <testcase classname="maxmin_ed2.Main" name="min2" time="0.090"/>
  <testcase classname="maxmin_ed2.Main" name="min2" time="0.109"/>
  <testcase classname="maxmin_ed2.Main" name="min1" time="0.082"/>
  <testcase classname="maxmin_ed2.Main" name="min3" time="0.397"/>
  <testcase classname="maxmin_ed2.Main" name="min3" time="0.382"/>
</testsuite> <!-- maxmin_ed2.Main -->
