<?xml version="1.0" encoding="UTF-8"?>
<!-- Generated by org.testng.reporters.JUnitReportReporter -->
<testsuite skipped="0" hostname="INF83" name="test.TesteVizinhoProximo" tests="2" failures="0" timestamp="26 set 2018 17:42:11 GMT" time="0.059" errors="0">
  <testcase name="rotaBelÃ©m" time="0.003" classname="test.TesteVizinhoProximo"/>
  <testcase name="TSPMenorRota" time="0.056" classname="test.TesteVizinhoProximo"/>
</testsuite> <!-- test.TesteVizinhoProximo -->
